::1 - - [22/Nov/2025:13:21:11 +0000] "POST /api/books HTTP/1.1" 400 82
::1 - - [22/Nov/2025:13:21:42 +0000] "POST /api/books HTTP/1.1" 400 82
::1 - - [22/Nov/2025:13:21:54 +0000] "POST /api/books HTTP/1.1" 201 -
::1 - - [23/Nov/2025:15:01:42 +0000] "POST /api/books HTTP/1.1" 201 -
::1 - - [23/Nov/2025:15:03:06 +0000] "GET /api/books HTTP/1.1" 200 376
::1 - - [23/Nov/2025:15:03:19 +0000] "GET /api/books/author/John%20Doe HTTP/1.1" 404 14
::1 - - [23/Nov/2025:15:03:48 +0000] "GET /api/books/author/zxc%20Doe HTTP/1.1" 404 14
::1 - - [23/Nov/2025:15:04:16 +0000] "GET /api/books/author/zxc%20Doe HTTP/1.1" 404 14
::1 - - [23/Nov/2025:15:04:43 +0000] "POST /api/books HTTP/1.1" 201 -
::1 - - [23/Nov/2025:15:04:51 +0000] "GET /api/books/author/zxcDoe HTTP/1.1" 404 14
::1 - - [23/Nov/2025:15:06:47 +0000] "GET /api/books/?author=zxcDoe HTTP/1.1" 200 506
::1 - - [23/Nov/2025:15:07:03 +0000] "GET /api/books/?author=zxc HTTP/1.1" 200 506
::1 - - [23/Nov/2025:15:07:56 +0000] "GET /api/books/author/zxc HTTP/1.1" 404 14
::1 - - [23/Nov/2025:15:09:34 +0000] "GET /api/books/author?author=zxc HTTP/1.1" 200 2
::1 - - [23/Nov/2025:15:09:46 +0000] "GET /api/books/author?author=zxc%20Doe HTTP/1.1" 200 132
::1 - - [23/Nov/2025:15:20:49 +0000] "GET /books HTTP/1.1" 404 14
::1 - - [23/Nov/2025:15:21:25 +0000] "POST /books HTTP/1.1" 404 14
::1 - - [23/Nov/2025:15:22:51 +0000] "GET /books HTTP/1.1" 404 14
::1 - - [23/Nov/2025:15:25:13 +0000] "GET /api/books HTTP/1.1" 200 506
::1 - - [23/Nov/2025:15:26:00 +0000] "POST /api/books HTTP/1.1" 400 19
::1 - - [23/Nov/2025:15:26:42 +0000] "DELETE /api/books?bookId=1 HTTP/1.1" 400 62
::1 - - [23/Nov/2025:15:27:14 +0000] "PATCH /api/books/pick?bookId=1 HTTP/1.1" 400 53
::1 - - [23/Nov/2025:15:27:54 +0000] "PATCH /api/books/return?bookId=1 HTTP/1.1" 400 62
::1 - - [23/Nov/2025:15:28:22 +0000] "GET /api/books/author?author=King HTTP/1.1" 200 2
::1 - - [23/Nov/2025:15:28:38 +0000] "PATCH /api/books/return?bookId=1 HTTP/1.1" 400 62
::1 - - [23/Nov/2025:15:28:42 +0000] "PATCH /api/books/pick?bookId=1 HTTP/1.1" 400 53
::1 - - [23/Nov/2025:15:49:42 +0000] "GET /api/books HTTP/1.1" 200 506
::1 - - [23/Nov/2025:15:49:47 +0000] "POST /api/books HTTP/1.1" 201 -
::1 - - [23/Nov/2025:15:50:23 +0000] "DELETE /api/books?bookId=123456789 HTTP/1.1" 404 14
::1 - - [23/Nov/2025:15:50:40 +0000] "DELETE /api/books?bookId=0878b7cb-06f6-4ed3-b56c-f5dfcad840d8 HTTP/1.1" 200 130
::1 - - [23/Nov/2025:15:51:20 +0000] "PATCH /api/books/pick?bookId=1 HTTP/1.1" 200 19
::1 - - [23/Nov/2025:15:52:01 +0000] "PATCH /api/books/return?bookId=1 HTTP/1.1" 200 13
::1 - - [23/Nov/2025:15:52:19 +0000] "GET /api/books/author?author=King HTTP/1.1" 200 133
::1 - - [03/Dec/2025:18:41:27 +0000] "POST /account HTTP/1.1" 400 16
::1 - - [03/Dec/2025:18:48:16 +0000] "POST /account HTTP/1.1" 201 -
::1 - - [03/Dec/2025:18:49:29 +0000] "POST /account/login HTTP/1.1" 200 183
::1 - - [03/Dec/2025:18:54:33 +0000] "POST /account/login HTTP/1.1" 200 183
::1 - 123456789 [03/Dec/2025:19:07:47 +0000] "GET /account/byId?id=123456789 HTTP/1.1" 200 183
::1 - 123456789 [03/Dec/2025:19:08:37 +0000] "PATCH /account/password HTTP/1.1" 200 16
